+ aarch64-none-elf-gcc -v
Using built-in specs.
COLLECT_GCC=aarch64-none-elf-gcc
COLLECT_LTO_WRAPPER=/Applications/ArmGNUToolchain/11.3.rel1/aarch64-none-elf/bin/../libexec/gcc/aarch64-none-elf/11.3.1/lto-wrapper
Target: aarch64-none-elf
Configured with: /Volumes/data/jenkins/workspace/GNU-toolchain/arm-11/src/gcc/configure --target=aarch64-none-elf --prefix=/Volumes/data/jenkins/workspace/GNU-toolchain/arm-11/build-aarch64-none-elf/install --with-gmp=/Volumes/data/jenkins/workspace/GNU-toolchain/arm-11/build-aarch64-none-elf/host-tools --with-mpfr=/Volumes/data/jenkins/workspace/GNU-toolchain/arm-11/build-aarch64-none-elf/host-tools --with-mpc=/Volumes/data/jenkins/workspace/GNU-toolchain/arm-11/build-aarch64-none-elf/host-tools --with-isl=/Volumes/data/jenkins/workspace/GNU-toolchain/arm-11/build-aarch64-none-elf/host-tools --disable-shared --disable-nls --disable-threads --disable-tls --enable-checking=release --enable-languages=c,c++,fortran --with-newlib --with-gnu-as --with-gnu-ld --with-sysroot=/Volumes/data/jenkins/workspace/GNU-toolchain/arm-11/build-aarch64-none-elf/install/aarch64-none-elf --with-pkgversion='Arm GNU Toolchain 11.3.Rel1' --with-bugurl=https://bugs.linaro.org/
Thread model: single
Supported LTO compression algorithms: zlib
gcc version 11.3.1 20220712 (Arm GNU Toolchain 11.3.Rel1) 
+ make -j
make[1]: Entering directory '/Users/Luppy/gicv2/nuttx/apps'
make[1]: Entering directory '/Users/Luppy/gicv2/nuttx/nuttx/libs/libxx'
make[1]: 'libxx.a' is up to date.
make[1]: Leaving directory '/Users/Luppy/gicv2/nuttx/nuttx/libs/libxx'
make[2]: Entering directory '/Users/Luppy/gicv2/nuttx/apps/builtin'
make[2]: Entering directory '/Users/Luppy/gicv2/nuttx/apps/nshlib'
make[2]: Entering directory '/Users/Luppy/gicv2/nuttx/apps/examples/hello'
make[2]: Entering directory '/Users/Luppy/gicv2/nuttx/apps/platform'
make[2]: Entering directory '/Users/Luppy/gicv2/nuttx/apps/system/system'
make[2]: Entering directory '/Users/Luppy/gicv2/nuttx/apps/testing/getprime'
make[2]: Entering directory '/Users/Luppy/gicv2/nuttx/apps/system/readline'
make[2]: Entering directory '/Users/Luppy/gicv2/nuttx/apps/testing/ostest'
make[2]: Entering directory '/Users/Luppy/gicv2/nuttx/apps/system/nsh'
make[2]: Nothing to be done for 'depend'.
make[2]: Leaving directory '/Users/Luppy/gicv2/nuttx/apps/builtin'
make[2]: Nothing to be done for 'depend'.
make[2]: Leaving directory '/Users/Luppy/gicv2/nuttx/apps/system/readline'
make[2]: Nothing to be done for 'depend'.
make[2]: Leaving directory '/Users/Luppy/gicv2/nuttx/apps/testing/getprime'
make[2]: Nothing to be done for 'depend'.
make[2]: Leaving directory '/Users/Luppy/gicv2/nuttx/apps/examples/hello'
make[2]: Nothing to be done for 'depend'.
make[2]: Leaving directory '/Users/Luppy/gicv2/nuttx/apps/testing/ostest'
make[2]: Nothing to be done for 'depend'.
make[2]: Leaving directory '/Users/Luppy/gicv2/nuttx/apps/system/nsh'
make[2]: Nothing to be done for 'depend'.
make[2]: Leaving directory '/Users/Luppy/gicv2/nuttx/apps/platform'
make[2]: Nothing to be done for 'depend'.
make[2]: Leaving directory '/Users/Luppy/gicv2/nuttx/apps/system/system'
make[2]: Nothing to be done for 'depend'.
make[2]: Leaving directory '/Users/Luppy/gicv2/nuttx/apps/nshlib'
make[1]: Leaving directory '/Users/Luppy/gicv2/nuttx/apps'
make[1]: Entering directory '/Users/Luppy/gicv2/nuttx/nuttx/sched'
make[1]: Nothing to be done for 'depend'.
make[1]: Leaving directory '/Users/Luppy/gicv2/nuttx/nuttx/sched'
make[1]: Entering directory '/Users/Luppy/gicv2/nuttx/nuttx/drivers'
make[1]: Nothing to be done for 'depend'.
make[1]: Leaving directory '/Users/Luppy/gicv2/nuttx/nuttx/drivers'
make[1]: Entering directory '/Users/Luppy/gicv2/nuttx/nuttx/boards'
make[1]: Nothing to be done for 'depend'.
make[1]: Leaving directory '/Users/Luppy/gicv2/nuttx/nuttx/boards'
make[1]: Entering directory '/Users/Luppy/gicv2/nuttx/nuttx/arch/arm64/src'
make[2]: Entering directory '/Users/Luppy/gicv2/nuttx/nuttx/boards/arm64/qemu/qemu-a53/src'
make[2]: Nothing to be done for 'depend'.
make[2]: Leaving directory '/Users/Luppy/gicv2/nuttx/nuttx/boards/arm64/qemu/qemu-a53/src'
make[2]: Entering directory '/Users/Luppy/gicv2/nuttx/nuttx/arch/arm64/src'
make[2]: Leaving directory '/Users/Luppy/gicv2/nuttx/nuttx/arch/arm64/src'
make[1]: Leaving directory '/Users/Luppy/gicv2/nuttx/nuttx/arch/arm64/src'
make[1]: Entering directory '/Users/Luppy/gicv2/nuttx/nuttx/fs'
make[1]: Nothing to be done for 'depend'.
make[1]: Leaving directory '/Users/Luppy/gicv2/nuttx/nuttx/fs'
make[1]: Entering directory '/Users/Luppy/gicv2/nuttx/nuttx/binfmt'
make[1]: Nothing to be done for 'depend'.
make[1]: Leaving directory '/Users/Luppy/gicv2/nuttx/nuttx/binfmt'
make[1]: Entering directory '/Users/Luppy/gicv2/nuttx/nuttx/libs/libc'
make[1]: Nothing to be done for 'depend'.
make[1]: Leaving directory '/Users/Luppy/gicv2/nuttx/nuttx/libs/libc'
make[1]: Entering directory '/Users/Luppy/gicv2/nuttx/nuttx/mm'
make[1]: Nothing to be done for 'depend'.
make[1]: Leaving directory '/Users/Luppy/gicv2/nuttx/nuttx/mm'
make[1]: Entering directory '/Users/Luppy/gicv2/nuttx/nuttx/libs/libxx'
make[1]: Nothing to be done for 'depend'.
make[1]: Leaving directory '/Users/Luppy/gicv2/nuttx/nuttx/libs/libxx'
make[1]: Entering directory '/Users/Luppy/gicv2/nuttx/nuttx/sched'
make[1]: Entering directory '/Users/Luppy/gicv2/nuttx/nuttx/drivers'
make[1]: Entering directory '/Users/Luppy/gicv2/nuttx/nuttx/boards'
make[1]: Entering directory '/Users/Luppy/gicv2/nuttx/nuttx/libs/libc'
make[1]: Entering directory '/Users/Luppy/gicv2/nuttx/nuttx/mm'
make[1]: Entering directory '/Users/Luppy/gicv2/nuttx/nuttx/arch/arm64/src'
make[1]: Entering directory '/Users/Luppy/gicv2/nuttx/apps'
make[1]: Entering directory '/Users/Luppy/gicv2/nuttx/nuttx/fs'
make[1]: Entering directory '/Users/Luppy/gicv2/nuttx/nuttx/binfmt'
make[1]: 'libsched.a' is up to date.
make[1]: Leaving directory '/Users/Luppy/gicv2/nuttx/nuttx/sched'
make[1]: 'libboards.a' is up to date.
make[1]: Leaving directory '/Users/Luppy/gicv2/nuttx/nuttx/boards'
make[1]: 'libdrivers.a' is up to date.
make[1]: Leaving directory '/Users/Luppy/gicv2/nuttx/nuttx/drivers'
make[1]: 'libmm.a' is up to date.
make[1]: Leaving directory '/Users/Luppy/gicv2/nuttx/nuttx/mm'
make[1]: 'libfs.a' is up to date.
make[1]: Leaving directory '/Users/Luppy/gicv2/nuttx/nuttx/fs'
make[1]: 'libbinfmt.a' is up to date.
make[1]: Leaving directory '/Users/Luppy/gicv2/nuttx/nuttx/binfmt'
rm -f /Users/Luppy/gicv2/nuttx/apps/libapps.a
make /Users/Luppy/gicv2/nuttx/apps/libapps.a
make[2]: Entering directory '/Users/Luppy/gicv2/nuttx/apps'
CC:  common/arm64_arch_timer.c
make[1]: 'libc.a' is up to date.
make[1]: Leaving directory '/Users/Luppy/gicv2/nuttx/nuttx/libs/libc'
AR (create): libarch.a  qemu_lowputc.o arm64_vector_table.o arm64_vectors.o arm64_smccc.o arm64_cpu_idle.o arm64_vfork_func.o arm64_testset.o arm64_fpu_func.o qemu_boot.o qemu_serial.o arm64_initialize.o arm64_initialstate.o arm64_boot.o arm64_nputs.o arm64_idle.o arm64_copystate.o arm64_createstack.o arm64_releasestack.o arm64_stackframe.o arm64_usestack.o arm64_task_sched.o arm64_exit.o arm64_vfork.o arm64_reprioritizertr.o arm64_releasepending.o arm64_unblocktask.o arm64_blocktask.o arm64_assert.o arm64_schedulesigaction.o arm64_backtrace.o arm64_sigdeliver.o arm64_mmu.o arm64_arch_timer.o arm64_cache.o arm64_doirq.o arm64_gicv3.o arm64_fatal.o arm64_syscall.o arm64_cpu_psci.o arm64_allocateheap.o arm64_fpu.o arm64_checkstack.o
make[1]: Leaving directory '/Users/Luppy/gicv2/nuttx/nuttx/arch/arm64/src'
IN: arch/arm64/src/libarch.a -> staging/libarch.a
make[3]: Entering directory '/Users/Luppy/gicv2/nuttx/apps/builtin'
make[3]: Entering directory '/Users/Luppy/gicv2/nuttx/apps/nshlib'
make[3]: Entering directory '/Users/Luppy/gicv2/nuttx/apps/examples/hello'
make[3]: Entering directory '/Users/Luppy/gicv2/nuttx/apps/system/system'
make[3]: Entering directory '/Users/Luppy/gicv2/nuttx/apps/platform'
make[3]: Entering directory '/Users/Luppy/gicv2/nuttx/apps/system/readline'
make[3]: Entering directory '/Users/Luppy/gicv2/nuttx/apps/system/nsh'
make[3]: Entering directory '/Users/Luppy/gicv2/nuttx/apps/testing/getprime'
make[3]: Entering directory '/Users/Luppy/gicv2/nuttx/apps/testing/ostest'
make[3]: Nothing to be done for 'all'.
make[3]: Leaving directory '/Users/Luppy/gicv2/nuttx/apps/system/readline'
make[3]: Nothing to be done for 'all'.
make[3]: Leaving directory '/Users/Luppy/gicv2/nuttx/apps/builtin'
make[3]: Nothing to be done for 'all'.
make[3]: Leaving directory '/Users/Luppy/gicv2/nuttx/apps/testing/ostest'
make[3]: Nothing to be done for 'all'.
make[3]: Leaving directory '/Users/Luppy/gicv2/nuttx/apps/system/system'
make[3]: Nothing to be done for 'all'.
make[3]: Leaving directory '/Users/Luppy/gicv2/nuttx/apps/examples/hello'
make[3]: Nothing to be done for 'all'.
make[3]: Leaving directory '/Users/Luppy/gicv2/nuttx/apps/testing/getprime'
make[3]: Nothing to be done for 'all'.
make[3]: Leaving directory '/Users/Luppy/gicv2/nuttx/apps/platform'
make[3]: Nothing to be done for 'all'.
make[3]: Leaving directory '/Users/Luppy/gicv2/nuttx/apps/system/nsh'
make[3]: Nothing to be done for 'all'.
make[3]: Leaving directory '/Users/Luppy/gicv2/nuttx/apps/nshlib'
make[3]: Entering directory '/Users/Luppy/gicv2/nuttx/apps/builtin'
AR (add): libapps.a    builtin_list.c.Users.Luppy.gicv2.nuttx.apps.builtin.o exec_builtin.c.Users.Luppy.gicv2.nuttx.apps.builtin.o       
make[3]: Leaving directory '/Users/Luppy/gicv2/nuttx/apps/builtin'
make[3]: Entering directory '/Users/Luppy/gicv2/nuttx/apps/examples/hello'
AR (add): libapps.a        hello_main.c.Users.Luppy.gicv2.nuttx.apps.examples.hello.o   
make[3]: Leaving directory '/Users/Luppy/gicv2/nuttx/apps/examples/hello'
make[3]: Entering directory '/Users/Luppy/gicv2/nuttx/apps/nshlib'
AR (add): libapps.a    nsh_init.c.Users.Luppy.gicv2.nuttx.apps.nshlib.o nsh_parse.c.Users.Luppy.gicv2.nuttx.apps.nshlib.o nsh_console.c.Users.Luppy.gicv2.nuttx.apps.nshlib.o nsh_script.c.Users.Luppy.gicv2.nuttx.apps.nshlib.o nsh_system.c.Users.Luppy.gicv2.nuttx.apps.nshlib.o nsh_command.c.Users.Luppy.gicv2.nuttx.apps.nshlib.o nsh_fscmds.c.Users.Luppy.gicv2.nuttx.apps.nshlib.o nsh_ddcmd.c.Users.Luppy.gicv2.nuttx.apps.nshlib.o nsh_proccmds.c.Users.Luppy.gicv2.nuttx.apps.nshlib.o nsh_mmcmds.c.Users.Luppy.gicv2.nuttx.apps.nshlib.o nsh_timcmds.c.Users.Luppy.gicv2.nuttx.apps.nshlib.o nsh_envcmds.c.Users.Luppy.gicv2.nuttx.apps.nshlib.o nsh_syscmds.c.Users.Luppy.gicv2.nuttx.apps.nshlib.o nsh_dbgcmds.c.Users.Luppy.gicv2.nuttx.apps.nshlib.o nsh_session.c.Users.Luppy.gicv2.nuttx.apps.nshlib.o nsh_fsutils.c.Users.Luppy.gicv2.nuttx.apps.nshlib.o nsh_builtin.c.Users.Luppy.gicv2.nuttx.apps.nshlib.o nsh_romfsetc.c.Users.Luppy.gicv2.nuttx.apps.nshlib.o nsh_mntcmds.c.Users.Luppy.gicv2.nuttx.apps.nshlib.o nsh_consolemain.c.Users.Luppy.gicv2.nuttx.apps.nshlib.o nsh_printf.c.Users.Luppy.gicv2.nuttx.apps.nshlib.o nsh_test.c.Users.Luppy.gicv2.nuttx.apps.nshlib.o       
make[3]: Leaving directory '/Users/Luppy/gicv2/nuttx/apps/nshlib'
make[3]: Entering directory '/Users/Luppy/gicv2/nuttx/apps/platform'
AR (add): libapps.a    dummy.c.Users.Luppy.gicv2.nuttx.apps.platform.o       
make[3]: Leaving directory '/Users/Luppy/gicv2/nuttx/apps/platform'
make[3]: Entering directory '/Users/Luppy/gicv2/nuttx/apps/system/nsh'
AR (add): libapps.a        nsh_main.c.Users.Luppy.gicv2.nuttx.apps.system.nsh.o sh_main.c.Users.Luppy.gicv2.nuttx.apps.system.nsh.o   
make[3]: Leaving directory '/Users/Luppy/gicv2/nuttx/apps/system/nsh'
make[3]: Entering directory '/Users/Luppy/gicv2/nuttx/apps/system/readline'
AR (add): libapps.a    readline.c.Users.Luppy.gicv2.nuttx.apps.system.readline.o readline_fd.c.Users.Luppy.gicv2.nuttx.apps.system.readline.o readline_common.c.Users.Luppy.gicv2.nuttx.apps.system.readline.o       
make[3]: Leaving directory '/Users/Luppy/gicv2/nuttx/apps/system/readline'
make[3]: Entering directory '/Users/Luppy/gicv2/nuttx/apps/system/system'
AR (add): libapps.a    system.c.Users.Luppy.gicv2.nuttx.apps.system.system.o       
make[3]: Leaving directory '/Users/Luppy/gicv2/nuttx/apps/system/system'
make[3]: Entering directory '/Users/Luppy/gicv2/nuttx/apps/testing/getprime'
AR (add): libapps.a        getprime_main.c.Users.Luppy.gicv2.nuttx.apps.testing.getprime.o   
make[3]: Leaving directory '/Users/Luppy/gicv2/nuttx/apps/testing/getprime'
make[3]: Entering directory '/Users/Luppy/gicv2/nuttx/apps/testing/ostest'
AR (add): libapps.a    getopt.c.Users.Luppy.gicv2.nuttx.apps.testing.ostest.o dev_null.c.Users.Luppy.gicv2.nuttx.apps.testing.ostest.o restart.c.Users.Luppy.gicv2.nuttx.apps.testing.ostest.o sigprocmask.c.Users.Luppy.gicv2.nuttx.apps.testing.ostest.o sighand.c.Users.Luppy.gicv2.nuttx.apps.testing.ostest.o signest.c.Users.Luppy.gicv2.nuttx.apps.testing.ostest.o fpu.c.Users.Luppy.gicv2.nuttx.apps.testing.ostest.o setvbuf.c.Users.Luppy.gicv2.nuttx.apps.testing.ostest.o tls.c.Users.Luppy.gicv2.nuttx.apps.testing.ostest.o waitpid.c.Users.Luppy.gicv2.nuttx.apps.testing.ostest.o cancel.c.Users.Luppy.gicv2.nuttx.apps.testing.ostest.o cond.c.Users.Luppy.gicv2.nuttx.apps.testing.ostest.o mutex.c.Users.Luppy.gicv2.nuttx.apps.testing.ostest.o timedmutex.c.Users.Luppy.gicv2.nuttx.apps.testing.ostest.o sem.c.Users.Luppy.gicv2.nuttx.apps.testing.ostest.o semtimed.c.Users.Luppy.gicv2.nuttx.apps.testing.ostest.o barrier.c.Users.Luppy.gicv2.nuttx.apps.testing.ostest.o timedwait.c.Users.Luppy.gicv2.nuttx.apps.testing.ostest.o pthread_rwlock.c.Users.Luppy.gicv2.nuttx.apps.testing.ostest.o pthread_rwlock_cancel.c.Users.Luppy.gicv2.nuttx.apps.testing.ostest.o specific.c.Users.Luppy.gicv2.nuttx.apps.testing.ostest.o robust.c.Users.Luppy.gicv2.nuttx.apps.testing.ostest.o roundrobin.c.Users.Luppy.gicv2.nuttx.apps.testing.ostest.o mqueue.c.Users.Luppy.gicv2.nuttx.apps.testing.ostest.o timedmqueue.c.Users.Luppy.gicv2.nuttx.apps.testing.ostest.o posixtimer.c.Users.Luppy.gicv2.nuttx.apps.testing.ostest.o vfork.c.Users.Luppy.gicv2.nuttx.apps.testing.ostest.o    ostest_main.c.Users.Luppy.gicv2.nuttx.apps.testing.ostest.o   
make[3]: Leaving directory '/Users/Luppy/gicv2/nuttx/apps/testing/ostest'
make[2]: Leaving directory '/Users/Luppy/gicv2/nuttx/apps'
make[1]: Leaving directory '/Users/Luppy/gicv2/nuttx/apps'
IN: /Users/Luppy/gicv2/nuttx/apps/libapps.a -> staging/libapps.a
make[1]: Entering directory '/Users/Luppy/gicv2/nuttx/nuttx/arch/arm64/src'
make[2]: Entering directory '/Users/Luppy/gicv2/nuttx/nuttx/boards/arm64/qemu/qemu-a53/src'
make[2]: 'libboard.a' is up to date.
make[2]: Leaving directory '/Users/Luppy/gicv2/nuttx/nuttx/boards/arm64/qemu/qemu-a53/src'
LD: nuttx
make[1]: Leaving directory '/Users/Luppy/gicv2/nuttx/nuttx/arch/arm64/src'
CP: nuttx.hex
CP: nuttx.bin
+ aarch64-none-elf-size nuttx
   text    data     bss     dec     hex filename
 208763   12624   48504  269891   41e43 nuttx
+ aarch64-none-elf-objdump -t -S --demangle --line-numbers --wide nuttx
+ cp nuttx.bin Image
+ rm -f Image.gz
+ gzip Image
+ sleep 1
+ qemu-system-aarch64 -smp 4 -cpu cortex-a53 -nographic -machine virt,virtualization=on,gic-version=2 -net none -chardev stdio,id=con,mux=on -serial chardev:con -mon chardev=con,mode=readline -kernel ./nuttx
- Ready to Boot CPU
- Boot from EL2
- Boot from EL1
- Boot to C runtime for OS Initialize
nx_start: Entry
up_allocate_heap: heap_start=0x0x402c4000, heap_size=0x7d3c000
arm64_gic_initialize: TODO: Init GIC for PinePhone
arm64_gic_initialize: CONFIG_GICD_BASE=0x8000000
arm64_gic_initialize: CONFIG_GICR_BASE=0x8010000
arm64_gic_initialize: GIC Version is 2
EFGHup_timer_initialize: up_timer_initialize: cp15 timer(s) running at 62.50MHz, cycle 62500
up_timer_initialize: _vector_table=0x402a7000
up_timer_initialize: vbar_el1=0x402a7000
up_timer_initialize: _vector_table=0x402a7000
up_timer_initialize: vbar_el1=0x402a7000
up_timer_initialize: ARM_ARCH_TIMER_IRQ=27
up_timer_initialize: arm64_arch_timer_compare_isr=0x4029b2ac
up_timer_initialize: irq_unexpected_isr=0x402823ec
up_timer_initialize: g_irqvector[0].handler=0x402823ec
up_timer_initialize: g_irqvector[1].handler=0x402823ec
up_timer_initialize: g_irqvector[2].handler=0x402823ec
up_timer_initialize: g_irqvector[3].handler=0x402823ec
up_timer_initialize: g_irqvector[4].handler=0x402823ec
up_timer_initialize: g_irqvector[5].handler=0x402823ec
up_timer_initialize: g_irqvector[6].handler=0x402823ec
up_timer_initialize: g_irqvector[7].handler=0x402823ec
up_timer_initialize: g_irqvector[8].handler=0x402823ec
up_timer_initialize: g_irqvector[9].handler=0x402823ec
up_timer_initialize: g_irqvector[10].handler=0x402823ec
up_timer_initialize: g_irqvector[11].handler=0x402823ec
up_timer_initialize: g_irqvector[12].handler=0x402823ec
up_timer_initialize: g_irqvector[13].handler=0x402823ec
up_timer_initialize: g_irqvector[14].handler=0x402823ec
up_timer_initialize: g_irqvector[15].handler=0x402823ec
up_timer_initialize: g_irqvector[16].handler=0x402823ec
up_timer_initialize: g_irqvector[17].handler=0x402823ec
up_timer_initialize: g_irqvector[18].handler=0x402823ec
up_timer_initialize: g_irqvector[19].handler=0x402823ec
up_timer_initialize: g_irqvector[20].handler=0x402823ec
up_timer_initialize: g_irqvector[21].handler=0x402823ec
up_timer_initialize: g_irqvector[22].handler=0x402823ec
up_timer_initialize: g_irqvector[23].handler=0x402823ec
up_timer_initialize: g_irqvector[24].handler=0x402823ec
up_timer_initialize: g_irqvector[25].handler=0x402823ec
up_timer_initialize: g_irqvector[26].handler=0x402823ec
up_timer_initialize: g_irqvector[27].handler=0x4029b2ac
up_timer_initialize: g_irqvector[28].handler=0x402823ec
up_timer_initialize: g_irqvector[29].handler=0x402823ec
up_timer_initialize: g_irqvector[30].handler=0x402823ec
up_timer_initialize: g_irqvector[31].handler=0x402823ec
up_timer_initialize: g_irqvector[32].handler=0x402823ec
up_timer_initialize: g_irqvector[33].handler=0x402823ec
up_timer_initialize: g_irqvector[34].handler=0x402823ec
up_timer_initialize: g_irqvector[35].handler=0x402823ec
up_timer_initialize: g_irqvector[36].handler=0x402823ec
up_timer_initialize: g_irqvector[37].handler=0x402823ec
up_timer_initialize: g_irqvector[38].handler=0x402823ec
up_timer_initialize: g_irqvector[39].handler=0x402823ec
up_timer_initialize: g_irqvector[40].handler=0x402823ec
up_timer_initialize: g_irqvector[41].handler=0x402823ec
up_timer_initialize: g_irqvector[42].handler=0x402823ec
up_timer_initialize: g_irqvector[43].handler=0x402823ec
up_timer_initialize: g_irqvector[44].handler=0x402823ec
up_timer_initialize: g_irqvector[45].handler=0x402823ec
up_timer_initialize: g_irqvector[46].handler=0x402823ec
up_timer_initialize: g_irqvector[47].handler=0x402823ec
up_timer_initialize: g_irqvector[48].handler=0x402823ec
up_timer_initialize: g_irqvector[49].handler=0x402823ec
up_timer_initialize: g_irqvector[50].handler=0x402823ec
up_timer_initialize: g_irqvector[51].handler=0x402823ec
up_timer_initialize: g_irqvector[52].handler=0x402823ec
up_timer_initialize: g_irqvector[53].handler=0x402823ec
up_timer_initialize: g_irqvector[54].handler=0x402823ec
up_timer_initialize: g_irqvector[55].handler=0x402823ec
up_timer_initialize: g_irqvector[56].handler=0x402823ec
up_timer_initialize: g_irqvector[57].handler=0x402823ec
up_timer_initialize: g_irqvector[58].handler=0x402823ec
up_timer_initialize: g_irqvector[59].handler=0x402823ec
up_timer_initialize: g_irqvector[60].handler=0x402823ec
up_timer_initialize: g_irqvector[61].handler=0x402823ec
up_timer_initialize: g_irqvector[62].handler=0x402823ec
up_timer_initialize: g_irqvector[63].handler=0x402823ec
up_timer_initialize: g_irqvector[64].handler=0x402823ec
up_timer_initialize: g_irqvector[65].handler=0x402823ec
up_timer_initialize: g_irqvector[66].handler=0x402823ec
up_timer_initialize: g_irqvector[67].handler=0x402823ec
up_timer_initialize: g_irqvector[68].handler=0x402823ec
up_timer_initialize: g_irqvector[69].handler=0x402823ec
up_timer_initialize: g_irqvector[70].handler=0x402823ec
up_timer_initialize: g_irqvector[71].handler=0x402823ec
up_timer_initialize: g_irqvector[72].handler=0x402823ec
up_timer_initialize: g_irqvector[73].handler=0x402823ec
up_timer_initialize: g_irqvector[74].handler=0x402823ec
up_timer_initialize: g_irqvector[75].handler=0x402823ec
up_timer_initialize: g_irqvector[76].handler=0x402823ec
up_timer_initialize: g_irqvector[77].handler=0x402823ec
up_timer_initialize: g_irqvector[78].handler=0x402823ec
up_timer_initialize: g_irqvector[79].handler=0x402823ec
up_timer_initialize: g_irqvector[80].handler=0x402823ec
up_timer_initialize: g_irqvector[81].handler=0x402823ec
up_timer_initialize: g_irqvector[82].handler=0x402823ec
up_timer_initialize: g_irqvector[83].handler=0x402823ec
up_timer_initialize: g_irqvector[84].handler=0x402823ec
up_timer_initialize: g_irqvector[85].handler=0x402823ec
up_timer_initialize: g_irqvector[86].handler=0x402823ec
up_timer_initialize: g_irqvector[87].handler=0x402823ec
up_timer_initialize: g_irqvector[88].handler=0x402823ec
up_timer_initialize: g_irqvector[89].handler=0x402823ec
up_timer_initialize: g_irqvector[90].handler=0x402823ec
up_timer_initialize: g_irqvector[91].handler=0x402823ec
up_timer_initialize: g_irqvector[92].handler=0x402823ec
up_timer_initialize: g_irqvector[93].handler=0x402823ec
up_timer_initialize: g_irqvector[94].handler=0x402823ec
up_timer_initialize: g_irqvector[95].handler=0x402823ec
up_timer_initialize: g_irqvector[96].handler=0x402823ec
up_timer_initialize: g_irqvector[97].handler=0x402823ec
up_timer_initialize: g_irqvector[98].handler=0x402823ec
up_timer_initialize: g_irqvector[99].handler=0x402823ec
up_timer_initialize: g_irqvector[100].handler=0x402823ec
up_timer_initialize: g_irqvector[101].handler=0x402823ec
up_timer_initialize: g_irqvector[102].handler=0x402823ec
up_timer_initialize: g_irqvector[103].handler=0x402823ec
up_timer_initialize: g_irqvector[104].handler=0x402823ec
up_timer_initialize: g_irqvector[105].handler=0x402823ec
up_timer_initialize: g_irqvector[106].handler=0x402823ec
up_timer_initialize: g_irqvector[107].handler=0x402823ec
up_timer_initialize: g_irqvector[108].handler=0x402823ec
up_timer_initialize: g_irqvector[109].handler=0x402823ec
up_timer_initialize: g_irqvector[110].handler=0x402823ec
up_timer_initialize: g_irqvector[111].handler=0x402823ec
up_timer_initialize: g_irqvector[112].handler=0x402823ec
up_timer_initialize: g_irqvector[113].handler=0x402823ec
up_timer_initialize: g_irqvector[114].handler=0x402823ec
up_timer_initialize: g_irqvector[115].handler=0x402823ec
up_timer_initialize: g_irqvector[116].handler=0x402823ec
up_timer_initialize: g_irqvector[117].handler=0x402823ec
up_timer_initialize: g_irqvector[118].handler=0x402823ec
up_timer_initialize: g_irqvector[119].handler=0x402823ec
up_timer_initialize: g_irqvector[120].handler=0x402823ec
up_timer_initialize: g_irqvector[121].handler=0x402823ec
up_timer_initialize: g_irqvector[122].handler=0x402823ec
up_timer_initialize: g_irqvector[123].handler=0x402823ec
up_timer_initialize: g_irqvector[124].handler=0x402823ec
up_timer_initialize: g_irqvector[125].handler=0x402823ec
up_timer_initialize: g_irqvector[126].handler=0x402823ec
up_timer_initialize: g_irqvector[127].handler=0x402823ec
up_timer_initialize: g_irqvector[128].handler=0x402823ec
up_timer_initialize: g_irqvector[129].handler=0x402823ec
up_timer_initialize: g_irqvector[130].handler=0x402823ec
up_timer_initialize: g_irqvector[131].handler=0x402823ec
up_timer_initialize: g_irqvector[132].handler=0x402823ec
up_timer_initialize: g_irqvector[133].handler=0x402823ec
up_timer_initialize: g_irqvector[134].handler=0x402823ec
up_timer_initialize: g_irqvector[135].handler=0x402823ec
up_timer_initialize: g_irqvector[136].handler=0x402823ec
up_timer_initialize: g_irqvector[137].handler=0x402823ec
up_timer_initialize: g_irqvector[138].handler=0x402823ec
up_timer_initialize: g_irqvector[139].handler=0x402823ec
up_timer_initialize: g_irqvector[140].handler=0x402823ec
up_timer_initialize: g_irqvector[141].handler=0x402823ec
up_timer_initialize: g_irqvector[142].handler=0x402823ec
up_timer_initialize: g_irqvector[143].handler=0x402823ec
up_timer_initialize: g_irqvector[144].handler=0x402823ec
up_timer_initialize: g_irqvector[145].handler=0x402823ec
up_timer_initialize: g_irqvector[146].handler=0x402823ec
up_timer_initialize: g_irqvector[147].handler=0x402823ec
up_timer_initialize: g_irqvector[148].handler=0x402823ec
up_timer_initialize: g_irqvector[149].handler=0x402823ec
up_timer_initialize: g_irqvector[150].handler=0x402823ec
up_timer_initialize: g_irqvector[151].handler=0x402823ec
up_timer_initialize: g_irqvector[152].handler=0x402823ec
up_timer_initialize: g_irqvector[153].handler=0x402823ec
up_timer_initialize: g_irqvector[154].handler=0x402823ec
up_timer_initialize: g_irqvector[155].handler=0x402823ec
up_timer_initialize: g_irqvector[156].handler=0x402823ec
up_timer_initialize: g_irqvector[157].handler=0x402823ec
up_timer_initialize: g_irqvector[158].handler=0x402823ec
up_timer_initialize: g_irqvector[159].handler=0x402823ec
up_timer_initialize: g_irqvector[160].handler=0x402823ec
up_timer_initialize: g_irqvector[161].handler=0x402823ec
up_timer_initialize: g_irqvector[162].handler=0x402823ec
up_timer_initialize: g_irqvector[163].handler=0x402823ec
up_timer_initialize: g_irqvector[164].handler=0x402823ec
up_timer_initialize: g_irqvector[165].handler=0x402823ec
up_timer_initialize: g_irqvector[166].handler=0x402823ec
up_timer_initialize: g_irqvector[167].handler=0x402823ec
up_timer_initialize: g_irqvector[168].handler=0x402823ec
up_timer_initialize: g_irqvector[169].handler=0x402823ec
up_timer_initialize: g_irqvector[170].handler=0x402823ec
up_timer_initialize: g_irqvector[171].handler=0x402823ec
up_timer_initialize: g_irqvector[172].handler=0x402823ec
up_timer_initialize: g_irqvector[173].handler=0x402823ec
up_timer_initialize: g_irqvector[174].handler=0x402823ec
up_timer_initialize: g_irqvector[175].handler=0x402823ec
up_timer_initialize: g_irqvector[176].handler=0x402823ec
up_timer_initialize: g_irqvector[177].handler=0x402823ec
up_timer_initialize: g_irqvector[178].handler=0x402823ec
up_timer_initialize: g_irqvector[179].handler=0x402823ec
up_timer_initialize: g_irqvector[180].handler=0x402823ec
up_timer_initialize: g_irqvector[181].handler=0x402823ec
up_timer_initialize: g_irqvector[182].handler=0x402823ec
up_timer_initialize: g_irqvector[183].handler=0x402823ec
up_timer_initialize: g_irqvector[184].handler=0x402823ec
up_timer_initialize: g_irqvector[185].handler=0x402823ec
up_timer_initialize: g_irqvector[186].handler=0x402823ec
up_timer_initialize: g_irqvector[187].handler=0x402823ec
up_timer_initialize: g_irqvector[188].handler=0x402823ec
up_timer_initialize: g_irqvector[189].handler=0x402823ec
up_timer_initialize: g_irqvector[190].handler=0x402823ec
up_timer_initialize: g_irqvector[191].handler=0x402823ec
up_timer_initialize: g_irqvector[192].handler=0x402823ec
up_timer_initialize: g_irqvector[193].handler=0x402823ec
up_timer_initialize: g_irqvector[194].handler=0x402823ec
up_timer_initialize: g_irqvector[195].handler=0x402823ec
up_timer_initialize: g_irqvector[196].handler=0x402823ec
up_timer_initialize: g_irqvector[197].handler=0x402823ec
up_timer_initialize: g_irqvector[198].handler=0x402823ec
up_timer_initialize: g_irqvector[199].handler=0x402823ec
up_timer_initialize: g_irqvector[200].handler=0x402823ec
up_timer_initialize: g_irqvector[201].handler=0x402823ec
up_timer_initialize: g_irqvector[202].handler=0x402823ec
up_timer_initialize: g_irqvector[203].handler=0x402823ec
up_timer_initialize: g_irqvector[204].handler=0x402823ec
up_timer_initialize: g_irqvector[205].handler=0x402823ec
up_timer_initialize: g_irqvector[206].handler=0x402823ec
up_timer_initialize: g_irqvector[207].handler=0x402823ec
up_timer_initialize: g_irqvector[208].handler=0x402823ec
up_timer_initialize: g_irqvector[209].handler=0x402823ec
up_timer_initialize: g_irqvector[210].handler=0x402823ec
up_timer_initialize: g_irqvector[211].handler=0x402823ec
up_timer_initialize: g_irqvector[212].handler=0x402823ec
up_timer_initialize: g_irqvector[213].handler=0x402823ec
up_timer_initialize: g_irqvector[214].handler=0x402823ec
up_timer_initialize: g_irqvector[215].handler=0x402823ec
up_timer_initialize: g_irqvector[216].handler=0x402823ec
up_timer_initialize: g_irqvector[217].handler=0x402823ec
up_timer_initialize: g_irqvector[218].handler=0x402823ec
up_timer_initialize: g_irqvector[219].handler=0x402823ec
AKLMNOPBIJXTQRuart_register: Registering /dev/console
XTQRXTQRuart_register: Registering /dev/ttyS0
XTQRAKLMNOPBIJXTQRwork_start_highpri: Starting high-priority kernel worker thread(s)
XTQRXTQRXTQRnx_start_application: StarXTQRting init thread
XSXTQRXSXTQRXSlib_cxx_initialize: _sinit: 0x402a7000 _einit: 0x402a7000 _stext: 0x40280000 _etext: 0x402a8000
XTQRXTQRXTQRXTQRXTQRXTQRXTQnsh: sysinit: fopen failed: 2
XTQRXTQRXTQRXTQRXTQRXTQRXTQRXTQRXTQRXTQRXTQRXTQRXTQnsh: mkfatfs: command not found
XTQRXTQ
XTQNuttShell (NSH) NuttX-10.3.0-RC2
XTQnsh> XTQXTQRXSXSnx_start: CPU0: Beginning Idle Loop
XTQRXTQRXTQRXTQRXTQRXTQRXTQRXTQRXTQRXTQRXTQRXTQRXTRXTRXTRXTRXTRXTRXTXTXTXTXTXTXTXTXTXTXTXTXTXTXTXTXTXTXTXTXTXTXTXTXTXTXTXTXTXTXTXTXTXTXTXTXTXTXTXTXTXTXTXTXTXTXTXTXTXTXTXTXTXTXTXTXTXTXTXTXTXTXTXTXTXTXTXTXTXTXTXTXTXTXTXTXTXTXTXTXTXTXTXTXTXTXTXTXTXTXTXTXTXTXTXTXTXTXTXTXTXTXTXTXTXTXTXTXTXTXTXTXTXTXTXTXTXTXTXTXTXTXTXTXTXTXTXTXTXTXTXTXTXTXTXTXTXTXTXTXTXTXTXTXTXTXTXTXTXTXTXTXTXTXTXTXTXTXTXTXTXTXTXTXTXTXTXTXTXTXTXTXTXTXTXTXTXTXTXTXTXTXTXTXTXTXTXTXTXTXTXTXTXTXTXTXTXTXTXTXTXTXTXTXTXTXTXTXTXTXTXTXTXTXTXTXTXTXTXTXTXTXTXTXTXTXTXTXTXTXTXTXTXTXTXTXTXTXTXTXTXTXTXTXTXTXTXTXTXTXTXTXTXTXTXTXTXTXTXTXTXTXTXTXTXTXTXTXTXTXTXTXTXTXTXTXTXTXTXTXTXTXTXTXTXTXTXTXTXTXTXTXTXTXTXTXTXTXTXTXTXTXTXTXTXTXTXTXTXTXTXTXTXTXTXTXTXTXTXTXTXTXTXTXTXTXTXTXTXTXTXTXTXTXTXTXTXTXTXTXTXTXTXTXTXTXTXTXTXTXTXTXTXTXTXTXTXTXTXTXTXTXTXTXTXTXTXT+ kill %1
qemu-system-aarch64: terminating on signal 15 from pid 5784 (<unknown process>)
 *  Terminal will be reused by tasks, press any key to close it. 
